Arguments: 
  /Users/danoved/.nvm/versions/node/v17.0.1/bin/node /opt/homebrew/Cellar/yarn/1.22.17/libexec/bin/yarn.js add node-temp

PATH: 
  /Users/danoved/Downloads/google-cloud-sdk 2/bin:/Users/danoved/.nvm/versions/node/v17.0.1/bin:/opt/homebrew/bin:/usr/local/bin:/usr/bin:/bin:/usr/sbin:/sbin:/Users/danoved/Downloads/google-cloud-sdk 2/bin:/Users/danoved/.nvm/versions/node/v17.0.1/bin:/opt/homebrew/bin

Yarn version: 
  1.22.17

Node version: 
  17.0.1

Platform: 
  darwin arm64

Trace: 
  Error: https://registry.yarnpkg.com/node-temp: Not found
      at Request.params.callback [as _callback] (/opt/homebrew/Cellar/yarn/1.22.17/libexec/lib/cli.js:67029:18)
      at Request.self.callback (/opt/homebrew/Cellar/yarn/1.22.17/libexec/lib/cli.js:140883:22)
      at Request.emit (node:events:390:28)
      at Request.<anonymous> (/opt/homebrew/Cellar/yarn/1.22.17/libexec/lib/cli.js:141855:10)
      at Request.emit (node:events:390:28)
      at IncomingMessage.<anonymous> (/opt/homebrew/Cellar/yarn/1.22.17/libexec/lib/cli.js:141777:12)
      at Object.onceWrapper (node:events:509:28)
      at IncomingMessage.emit (node:events:402:35)
      at endReadableNT (node:internal/streams/readable:1340:12)
      at processTicksAndRejections (node:internal/process/task_queues:83:21)

npm manifest: 
  {
    "name": "scripts",
    "version": "1.0.0",
    "description": "",
    "main": "create_contracts.js",
    "scripts": {
      "test": "echo \"Error: no test specified\" && exit 1"
    },
    "author": "",
    "license": "ISC",
    "dependencies": {
      "temp-file": "^3.4.0"
    }
  }

yarn manifest: 
  No manifest

Lockfile: 
  # THIS IS AN AUTOGENERATED FILE. DO NOT EDIT THIS FILE DIRECTLY.
  # yarn lockfile v1
  
  
  async-exit-hook@^2.0.1:
    version "2.0.1"
    resolved "https://registry.yarnpkg.com/async-exit-hook/-/async-exit-hook-2.0.1.tgz#8bd8b024b0ec9b1c01cccb9af9db29bd717dfaf3"
    integrity sha512-NW2cX8m1Q7KPA7a5M2ULQeZ2wR5qI5PAbw5L0UOMxdioVk9PMZ0h1TmyZEkPYrCvYjDlFICusOu1dlEKAAeXBw==
  
  fs-extra@^10.0.0:
    version "10.1.0"
    resolved "https://registry.yarnpkg.com/fs-extra/-/fs-extra-10.1.0.tgz#02873cfbc4084dde127eaa5f9905eef2325d1abf"
    integrity sha512-oRXApq54ETRj4eMiFzGnHWGy+zo5raudjuxN0b8H7s/RU2oW0Wvsx9O0ACRN/kRq9E8Vu/ReskGB5o3ji+FzHQ==
    dependencies:
      graceful-fs "^4.2.0"
      jsonfile "^6.0.1"
      universalify "^2.0.0"
  
  graceful-fs@^4.1.6, graceful-fs@^4.2.0:
    version "4.2.10"
    resolved "https://registry.yarnpkg.com/graceful-fs/-/graceful-fs-4.2.10.tgz#147d3a006da4ca3ce14728c7aefc287c367d7a6c"
    integrity sha512-9ByhssR2fPVsNZj478qUUbKfmL0+t5BDVyjShtyZZLiK7ZDAArFFfopyOTj0M05wE2tJPisA4iTnnXl2YoPvOA==
  
  jsonfile@^6.0.1:
    version "6.1.0"
    resolved "https://registry.yarnpkg.com/jsonfile/-/jsonfile-6.1.0.tgz#bc55b2634793c679ec6403094eb13698a6ec0aae"
    integrity sha512-5dgndWOriYSm5cnYaJNhalLNDKOqFwyDB/rr1E9ZsGciGvKPs8R2xYGCacuf3z6K1YKDz182fd+fY3cn3pMqXQ==
    dependencies:
      universalify "^2.0.0"
    optionalDependencies:
      graceful-fs "^4.1.6"
  
  temp-file@^3.4.0:
    version "3.4.0"
    resolved "https://registry.yarnpkg.com/temp-file/-/temp-file-3.4.0.tgz#766ea28911c683996c248ef1a20eea04d51652c7"
    integrity sha512-C5tjlC/HCtVUOi3KWVokd4vHVViOmGjtLwIh4MuzPo/nMYTV/p1urt3RnMz2IWXDdKEGJH3k5+KPxtqRsUYGtg==
    dependencies:
      async-exit-hook "^2.0.1"
      fs-extra "^10.0.0"
  
  universalify@^2.0.0:
    version "2.0.0"
    resolved "https://registry.yarnpkg.com/universalify/-/universalify-2.0.0.tgz#75a4984efedc4b08975c5aeb73f530d02df25717"
    integrity sha512-hAZsKq7Yy11Zu1DE0OzWjw7nnLZmJZYTDZZyEFHZdUhV8FkH5MCfoU1XMaxXovpyW5nq5scPqq0ZDP9Zyl04oQ==
